[debug] [2021-02-06T17:14:40.720Z] ----------------------------------------------------------------------
[debug] [2021-02-06T17:14:40.721Z] Command:       C:\Program Files\nodejs\node.exe C:\Users\matsu\AppData\Roaming\npm\node_modules\firebase-tools\lib\bin\firebase.js deploy
[debug] [2021-02-06T17:14:40.721Z] CLI Version:   9.3.0
[debug] [2021-02-06T17:14:40.721Z] Platform:      win32
[debug] [2021-02-06T17:14:40.721Z] Node Version:  v14.15.4
[debug] [2021-02-06T17:14:40.722Z] Time:          Sun Feb 07 2021 00:14:40 GMT+0700 (Indochina Time)
[debug] [2021-02-06T17:14:40.722Z] ----------------------------------------------------------------------
[debug] [2021-02-06T17:14:40.722Z] 
[debug] [2021-02-06T17:14:40.728Z] > command requires scopes: ["email","openid","https://www.googleapis.com/auth/cloudplatformprojects.readonly","https://www.googleapis.com/auth/firebase","https://www.googleapis.com/auth/cloud-platform"]
[debug] [2021-02-06T17:14:40.728Z] > authorizing via signed-in user
[debug] [2021-02-06T17:14:40.728Z] [iam] checking project alsintanlinkadmin for permissions ["firebase.projects.get","firebasehosting.sites.update"]
[debug] [2021-02-06T17:14:40.730Z] > refreshing access token with scopes: ["email","https://www.googleapis.com/auth/cloud-platform","https://www.googleapis.com/auth/cloudplatformprojects.readonly","https://www.googleapis.com/auth/firebase","openid"]
[debug] [2021-02-06T17:14:40.730Z] >>> HTTP REQUEST POST https://www.googleapis.com/oauth2/v3/token  
 <request body omitted>
[debug] [2021-02-06T17:14:40.861Z] <<< HTTP RESPONSE 200 {"expires":"Mon, 01 Jan 1990 00:00:00 GMT","cache-control":"no-cache, no-store, max-age=0, must-revalidate","date":"Sat, 06 Feb 2021 17:14:41 GMT","pragma":"no-cache","content-type":"application/json; charset=utf-8","vary":"X-Origin, Referer, Origin,Accept-Encoding","server":"scaffolding on HTTPServer2","x-xss-protection":"0","x-frame-options":"SAMEORIGIN","x-content-type-options":"nosniff","alt-svc":"h3-29=\":443\"; ma=2592000,h3-T051=\":443\"; ma=2592000,h3-Q050=\":443\"; ma=2592000,h3-Q046=\":443\"; ma=2592000,h3-Q043=\":443\"; ma=2592000,quic=\":443\"; ma=2592000; v=\"46,43\"","accept-ranges":"none","transfer-encoding":"chunked"}
[debug] [2021-02-06T17:14:40.867Z] >>> HTTP REQUEST POST https://cloudresourcemanager.googleapis.com/v1/projects/alsintanlinkadmin:testIamPermissions  
 {"permissions":["firebase.projects.get","firebasehosting.sites.update"]}
[debug] [2021-02-06T17:14:42.129Z] <<< HTTP RESPONSE 200 {"content-type":"application/json; charset=UTF-8","vary":"X-Origin, Referer, Origin,Accept-Encoding","date":"Sat, 06 Feb 2021 17:14:42 GMT","server":"ESF","cache-control":"private","x-xss-protection":"0","x-frame-options":"SAMEORIGIN","x-content-type-options":"nosniff","server-timing":"gfet4t7; dur=1192","alt-svc":"h3-29=\":443\"; ma=2592000,h3-T051=\":443\"; ma=2592000,h3-Q050=\":443\"; ma=2592000,h3-Q046=\":443\"; ma=2592000,h3-Q043=\":443\"; ma=2592000,quic=\":443\"; ma=2592000; v=\"46,43\"","accept-ranges":"none","transfer-encoding":"chunked"}
[debug] [2021-02-06T17:14:42.130Z] [iam] error while checking permissions, command may fail: FirebaseError: Authorization failed. This account is missing the following required permissions on project alsintanlinkadmin:

  firebase.projects.get
  firebasehosting.sites.update
[debug] [2021-02-06T17:14:42.132Z] > refreshing access token with scopes: []
[debug] [2021-02-06T17:14:42.132Z] >>> HTTP REQUEST POST https://www.googleapis.com/oauth2/v3/token  
 <request body omitted>
[debug] [2021-02-06T17:14:42.218Z] <<< HTTP RESPONSE 200 {"date":"Sat, 06 Feb 2021 17:14:42 GMT","pragma":"no-cache","expires":"Mon, 01 Jan 1990 00:00:00 GMT","cache-control":"no-cache, no-store, max-age=0, must-revalidate","content-type":"application/json; charset=utf-8","vary":"X-Origin, Referer, Origin,Accept-Encoding","server":"scaffolding on HTTPServer2","x-xss-protection":"0","x-frame-options":"SAMEORIGIN","x-content-type-options":"nosniff","alt-svc":"h3-29=\":443\"; ma=2592000,h3-T051=\":443\"; ma=2592000,h3-Q050=\":443\"; ma=2592000,h3-Q046=\":443\"; ma=2592000,h3-Q043=\":443\"; ma=2592000,quic=\":443\"; ma=2592000; v=\"46,43\"","accept-ranges":"none","transfer-encoding":"chunked"}
[debug] [2021-02-06T17:14:42.236Z] >>> [apiv2][query] GET https://firebase.googleapis.com/v1beta1/projects/alsintanlinkadmin [none]
[debug] [2021-02-06T17:14:42.608Z] <<< [apiv2][status] GET https://firebase.googleapis.com/v1beta1/projects/alsintanlinkadmin 403
[debug] [2021-02-06T17:14:42.608Z] <<< [apiv2][body] GET https://firebase.googleapis.com/v1beta1/projects/alsintanlinkadmin {"error":{"code":403,"message":"The caller does not have permission","status":"PERMISSION_DENIED"}}
[debug] [2021-02-06T17:14:42.609Z] HTTP Error: 403, The caller does not have permission
[debug] [2021-02-06T17:14:42.709Z] FirebaseError: HTTP Error: 403, The caller does not have permission
    at module.exports (C:\Users\matsu\AppData\Roaming\npm\node_modules\firebase-tools\lib\responseToError.js:38:12)
    at Client.doRequest (C:\Users\matsu\AppData\Roaming\npm\node_modules\firebase-tools\lib\apiv2.js:227:23)
    at processTicksAndRejections (internal/process/task_queues.js:93:5)
    at async Client.request (C:\Users\matsu\AppData\Roaming\npm\node_modules\firebase-tools\lib\apiv2.js:93:20)
    at async Object.getFirebaseProject (C:\Users\matsu\AppData\Roaming\npm\node_modules\firebase-tools\lib\management\projects.js:289:21)
    at async Object.getDefaultHostingSite (C:\Users\matsu\AppData\Roaming\npm\node_modules\firebase-tools\lib\getDefaultHostingSite.js:8:21)
    at async requireHostingSite (C:\Users\matsu\AppData\Roaming\npm\node_modules\firebase-tools\lib\requireHostingSite.js:9:18)
    at async Object.fn (C:\Users\matsu\AppData\Roaming\npm\node_modules\firebase-tools\lib\commands\deploy.js:66:9)
    at async C:\Users\matsu\AppData\Roaming\npm\node_modules\firebase-tools\lib\command.js:161:17
[error] 
[error] Error: Failed to get Firebase project alsintanlinkadmin. Please make sure the project exists and your account has permission to access it.
